
Processing sheet 'DI'...

Warning: NaN value found in 'Log' in sheet 'DI', row 1
Warning: NaN value found in 'Log' in sheet 'DI', row 2
Warning: NaN value found in 'Log' in sheet 'DI', row 3
Warning: NaN value found in 'Log' in sheet 'DI', row 4
Warning: NaN value found in 'Log' in sheet 'DI', row 5
Warning: NaN value found in 'Log' in sheet 'DI', row 6
Warning: NaN value found in 'Log' in sheet 'DI', row 7
Warning: NaN value found in 'Log' in sheet 'DI', row 8
Warning: NaN value found in 'Log' in sheet 'DI', row 9
Warning: NaN value found in 'Log' in sheet 'DI', row 10
Warning: NaN value found in 'Log' in sheet 'DI', row 11
Warning: NaN value found in 'Log' in sheet 'DI', row 12
Warning: NaN value found in 'Log' in sheet 'DI', row 13
Warning: NaN value found in 'Log' in sheet 'DI', row 14
Warning: NaN value found in 'Log' in sheet 'DI', row 15
Warning: NaN value found in 'Log' in sheet 'DI', row 16
Warning: NaN value found in 'Log' in sheet 'DI', row 17
Warning: NaN value found in 'Log' in sheet 'DI', row 18
Warning: NaN value found in 'Log' in sheet 'DI', row 19
Warning: NaN value found in 'Log' in sheet 'DI', row 20
Warning: NaN value found in 'Log' in sheet 'DI', row 21
Warning: NaN value found in 'Log' in sheet 'DI', row 22
Warning: NaN value found in 'Log' in sheet 'DI', row 23
Warning: NaN value found in 'p&id number' in sheet 'DI', row 24
Warning: NaN value found in 'p&id number' in sheet 'DI', row 25
Warning: NaN value found in 'p&id number' in sheet 'DI', row 26
Warning: NaN value found in 'p&id number' in sheet 'DI', row 27
Warning: NaN value found in 'p&id number' in sheet 'DI', row 28
Warning: NaN value found in 'p&id number' in sheet 'DI', row 29
Warning: NaN value found in 'p&id number' in sheet 'DI', row 30

Processing sheet 'DO'...

Warning: NaN value found in 'Log' in sheet 'DO', row 1
Warning: NaN value found in 'Log' in sheet 'DO', row 2
Warning: NaN value found in 'Log' in sheet 'DO', row 3
Warning: NaN value found in 'Log' in sheet 'DO', row 4
Warning: NaN value found in 'Log' in sheet 'DO', row 5
Warning: NaN value found in 'Log' in sheet 'DO', row 6
Warning: NaN value found in 'Log' in sheet 'DO', row 7
Warning: NaN value found in 'Log' in sheet 'DO', row 8
Warning: NaN value found in 'Log' in sheet 'DO', row 9
Warning: NaN value found in 'Log' in sheet 'DO', row 10
Warning: NaN value found in 'description' in sheet 'DO', row 11
Warning: NaN value found in 'Log' in sheet 'DO', row 11
Warning: NaN value found in 'Log' in sheet 'DO', row 12
Warning: NaN value found in 'description' in sheet 'DO', row 13
Warning: NaN value found in 'Log' in sheet 'DO', row 13
Warning: NaN value found in 'Log' in sheet 'DO', row 14
Warning: NaN value found in 'Log' in sheet 'DO', row 15
Warning: NaN value found in 'Log' in sheet 'DO', row 16
Warning: NaN value found in 'Log' in sheet 'DO', row 17
Warning: NaN value found in 'Log' in sheet 'DO', row 18
Warning: NaN value found in 'Log' in sheet 'DO', row 19
Warning: NaN value found in 'Log' in sheet 'DO', row 20
Warning: NaN value found in 'p&id number' in sheet 'DO', row 21
Warning: NaN value found in 'p&id number' in sheet 'DO', row 22
Warning: NaN value found in 'p&id number' in sheet 'DO', row 23
Warning: NaN value found in 'p&id number' in sheet 'DO', row 24
Warning: NaN value found in 'p&id number' in sheet 'DO', row 25
Warning: NaN value found in 'p&id number' in sheet 'DO', row 26

Processing sheet 'AI'...

Warning: NaN value found in 'Log' in sheet 'AI', row 1
Warning: NaN value found in 'Log' in sheet 'AI', row 2
Warning: NaN value found in 'Log' in sheet 'AI', row 3
Warning: NaN value found in 'Log' in sheet 'AI', row 4
Warning: NaN value found in 'Log' in sheet 'AI', row 5
Warning: NaN value found in 'Log' in sheet 'AI', row 6
Warning: NaN value found in 'Log' in sheet 'AI', row 7
Warning: NaN value found in 'Log' in sheet 'AI', row 8
Warning: NaN value found in 'Log' in sheet 'AI', row 9
Warning: NaN value found in 'Log' in sheet 'AI', row 10
Warning: NaN value found in 'description' in sheet 'AI', row 11
Warning: NaN value found in 'Log' in sheet 'AI', row 11
Warning: NaN value found in 'description' in sheet 'AI', row 12
Warning: NaN value found in 'Log' in sheet 'AI', row 12
Warning: NaN value found in 'description' in sheet 'AI', row 13
Warning: NaN value found in 'Log' in sheet 'AI', row 13
Warning: NaN value found in 'description' in sheet 'AI', row 14
Warning: NaN value found in 'Log' in sheet 'AI', row 14
Warning: NaN value found in 'p&id number' in sheet 'AI', row 15
Warning: NaN value found in 'p&id number' in sheet 'AI', row 16
Warning: NaN value found in 'p&id number' in sheet 'AI', row 17
Warning: NaN value found in 'p&id number' in sheet 'AI', row 18

Processing sheet 'AO'...

Warning: NaN value found in 'Log' in sheet 'AO', row 1
Warning: NaN value found in 'Log' in sheet 'AO', row 2
Warning: NaN value found in 'p&id number' in sheet 'AO', row 3
Warning: NaN value found in 'p&id number' in sheet 'AO', row 4
Warning: NaN value found in 'Log' in sheet 'AO', row 5
Warning: NaN value found in 'p&id number' in sheet 'AO', row 6

Processing sheet 'RTD'...

Warning: NaN value found in 'Log' in sheet 'RTD', row 1
Warning: NaN value found in 'Log' in sheet 'RTD', row 2
Warning: NaN value found in 'Log' in sheet 'RTD', row 3
Warning: NaN value found in 'Log' in sheet 'RTD', row 4
Warning: NaN value found in 'Log' in sheet 'RTD', row 5
Warning: NaN value found in 'Log' in sheet 'RTD', row 6
Warning: NaN value found in 'Log' in sheet 'RTD', row 7
Warning: NaN value found in 'Log' in sheet 'RTD', row 8
Warning: NaN value found in 'Log' in sheet 'RTD', row 9
Warning: NaN value found in 'Log' in sheet 'RTD', row 10
Warning: NaN value found in 'Log' in sheet 'RTD', row 11
Warning: NaN value found in 'Log' in sheet 'RTD', row 12
Warning: NaN value found in 'Log' in sheet 'RTD', row 13
Warning: NaN value found in 'Log' in sheet 'RTD', row 14
Warning: NaN value found in 'Log' in sheet 'RTD', row 15
Warning: NaN value found in 'Log' in sheet 'RTD', row 16
Warning: NaN value found in 'Log' in sheet 'RTD', row 17
Warning: NaN value found in 'Log' in sheet 'RTD', row 18
Warning: NaN value found in 'Log' in sheet 'RTD', row 19
Warning: NaN value found in 'Log' in sheet 'RTD', row 20
Warning: NaN value found in 'Log' in sheet 'RTD', row 21
Warning: NaN value found in 'Log' in sheet 'RTD', row 22
Warning: NaN value found in 'p&id number' in sheet 'RTD', row 23
Warning: NaN value found in 'p&id number' in sheet 'RTD', row 24
